[debug] [2023-07-03T00:21:17.668Z] ----------------------------------------------------------------------
[debug] [2023-07-03T00:21:17.669Z] Command:       /Users/chibaharuto/.nvm/versions/node/v16.20.0/bin/node /Users/chibaharuto/.nvm/versions/node/v16.20.0/bin/firebase init
[debug] [2023-07-03T00:21:17.669Z] CLI Version:   12.4.2
[debug] [2023-07-03T00:21:17.669Z] Platform:      darwin
[debug] [2023-07-03T00:21:17.670Z] Node Version:  v16.20.0
[debug] [2023-07-03T00:21:17.670Z] Time:          Mon Jul 03 2023 09:21:17 GMT+0900 (日本標準時)
[debug] [2023-07-03T00:21:17.670Z] ----------------------------------------------------------------------
[debug] 
[debug] [2023-07-03T00:21:17.673Z] > command requires scopes: ["email","openid","https://www.googleapis.com/auth/cloudplatformprojects.readonly","https://www.googleapis.com/auth/firebase","https://www.googleapis.com/auth/cloud-platform"]
[debug] [2023-07-03T00:21:17.673Z] > authorizing via signed-in user (chibanoyatsu@gmail.com)
[info] 
     ######## #### ########  ######## ########     ###     ######  ########
     ##        ##  ##     ## ##       ##     ##  ##   ##  ##       ##
     ######    ##  ########  ######   ########  #########  ######  ######
     ##        ##  ##    ##  ##       ##     ## ##     ##       ## ##
     ##       #### ##     ## ######## ########  ##     ##  ######  ########

You're about to initialize a Firebase project in this directory:

  /Users/chibaharuto/portfolio/cashbook/src/firebase

[info] 
=== Project Setup
[info] 
[info] First, let's associate this project directory with a Firebase project.
[info] You can create multiple project aliases by running firebase use --add, 
[info] but for now we'll just set up a default project.
[info] 
[debug] [2023-07-03T00:22:10.145Z] >>> [apiv2][query] GET https://firebase.googleapis.com/v1beta1/projects pageSize=100
[debug] [2023-07-03T00:22:11.031Z] <<< [apiv2][status] GET https://firebase.googleapis.com/v1beta1/projects 200
[debug] [2023-07-03T00:22:11.032Z] <<< [apiv2][body] GET https://firebase.googleapis.com/v1beta1/projects [omitted]
[info] i  Using project cash-book-487ce (cash-book) 
[info] 
=== Database Setup
[info] i  database: ensuring required API firebasedatabase.googleapis.com is enabled... 
[debug] [2023-07-03T00:22:26.288Z] >>> [apiv2][query] GET https://serviceusage.googleapis.com/v1/projects/cash-book-487ce/services/firebasedatabase.googleapis.com [none]
[debug] [2023-07-03T00:22:26.288Z] >>> [apiv2][(partial)header] GET https://serviceusage.googleapis.com/v1/projects/cash-book-487ce/services/firebasedatabase.googleapis.com x-goog-quota-user=projects/cash-book-487ce
[debug] [2023-07-03T00:22:27.524Z] <<< [apiv2][status] GET https://serviceusage.googleapis.com/v1/projects/cash-book-487ce/services/firebasedatabase.googleapis.com 200
[debug] [2023-07-03T00:22:27.524Z] <<< [apiv2][body] GET https://serviceusage.googleapis.com/v1/projects/cash-book-487ce/services/firebasedatabase.googleapis.com [omitted]
[warn] ⚠  database: missing required API firebasedatabase.googleapis.com. Enabling now... 
[debug] [2023-07-03T00:22:27.526Z] >>> [apiv2][query] POST https://serviceusage.googleapis.com/v1/projects/cash-book-487ce/services/firebasedatabase.googleapis.com:enable [none]
[debug] [2023-07-03T00:22:27.526Z] >>> [apiv2][(partial)header] POST https://serviceusage.googleapis.com/v1/projects/cash-book-487ce/services/firebasedatabase.googleapis.com:enable x-goog-quota-user=projects/cash-book-487ce
[debug] [2023-07-03T00:22:28.139Z] <<< [apiv2][status] POST https://serviceusage.googleapis.com/v1/projects/cash-book-487ce/services/firebasedatabase.googleapis.com:enable 200
[debug] [2023-07-03T00:22:28.139Z] <<< [apiv2][body] POST https://serviceusage.googleapis.com/v1/projects/cash-book-487ce/services/firebasedatabase.googleapis.com:enable [omitted]
[debug] [2023-07-03T00:22:38.142Z] >>> [apiv2][query] GET https://serviceusage.googleapis.com/v1/projects/cash-book-487ce/services/firebasedatabase.googleapis.com [none]
[debug] [2023-07-03T00:22:38.143Z] >>> [apiv2][(partial)header] GET https://serviceusage.googleapis.com/v1/projects/cash-book-487ce/services/firebasedatabase.googleapis.com x-goog-quota-user=projects/cash-book-487ce
[debug] [2023-07-03T00:22:39.303Z] <<< [apiv2][status] GET https://serviceusage.googleapis.com/v1/projects/cash-book-487ce/services/firebasedatabase.googleapis.com 200
[debug] [2023-07-03T00:22:39.303Z] <<< [apiv2][body] GET https://serviceusage.googleapis.com/v1/projects/cash-book-487ce/services/firebasedatabase.googleapis.com [omitted]
[info] ✔  database: required API firebasedatabase.googleapis.com is enabled 
[info] 
[debug] [2023-07-03T00:22:39.308Z] >>> [apiv2][query] GET https://firebase.googleapis.com/v1beta1/projects/cash-book-487ce [none]
[debug] [2023-07-03T00:22:39.638Z] <<< [apiv2][status] GET https://firebase.googleapis.com/v1beta1/projects/cash-book-487ce 200
[debug] [2023-07-03T00:22:39.639Z] <<< [apiv2][body] GET https://firebase.googleapis.com/v1beta1/projects/cash-book-487ce {"projectId":"cash-book-487ce","projectNumber":"962403835695","displayName":"cash-book","name":"projects/cash-book-487ce","resources":{"hostingSite":"cash-book-487ce"},"state":"ACTIVE","etag":"1_76896d98-76ef-48e9-9cc0-c343cabafc62"}
[debug] [2023-07-03T00:22:46.436Z] >>> [apiv2][query] POST https://firebasedatabase.googleapis.com/v1beta/projects/cash-book-487ce/locations/asia-southeast1/instances databaseId=cash-book-487ce-default-rtdb&validateOnly=true
[debug] [2023-07-03T00:22:46.436Z] >>> [apiv2][body] POST https://firebasedatabase.googleapis.com/v1beta/projects/cash-book-487ce/locations/asia-southeast1/instances {"type":"default_database"}
[debug] [2023-07-03T00:22:47.802Z] <<< [apiv2][status] POST https://firebasedatabase.googleapis.com/v1beta/projects/cash-book-487ce/locations/asia-southeast1/instances 200
[debug] [2023-07-03T00:22:47.803Z] <<< [apiv2][body] POST https://firebasedatabase.googleapis.com/v1beta/projects/cash-book-487ce/locations/asia-southeast1/instances {"name":"projects/962403835695/locations/asia-southeast1/instances/cash-book-487ce-default-rtdb","project":"projects/962403835695","databaseUrl":"https://cash-book-487ce-default-rtdb.asia-southeast1.firebasedatabase.app","type":"DEFAULT_DATABASE","state":"ACTIVE"}
[debug] [2023-07-03T00:22:47.805Z] >>> [apiv2][query] POST https://firebasedatabase.googleapis.com/v1beta/projects/cash-book-487ce/locations/asia-southeast1/instances databaseId=cash-book-487ce-default-rtdb
[debug] [2023-07-03T00:22:47.805Z] >>> [apiv2][body] POST https://firebasedatabase.googleapis.com/v1beta/projects/cash-book-487ce/locations/asia-southeast1/instances {"type":"default_database"}
[debug] [2023-07-03T00:22:49.336Z] <<< [apiv2][status] POST https://firebasedatabase.googleapis.com/v1beta/projects/cash-book-487ce/locations/asia-southeast1/instances 200
[debug] [2023-07-03T00:22:49.336Z] <<< [apiv2][body] POST https://firebasedatabase.googleapis.com/v1beta/projects/cash-book-487ce/locations/asia-southeast1/instances {"name":"projects/962403835695/locations/asia-southeast1/instances/cash-book-487ce-default-rtdb","project":"projects/962403835695","databaseUrl":"https://cash-book-487ce-default-rtdb.asia-southeast1.firebasedatabase.app","type":"DEFAULT_DATABASE","state":"ACTIVE"}
[info] 
[info] Firebase Realtime Database Security Rules allow you to define how your data should be
[info] structured and when your data can be read from and written to.
[info] 
[debug] [2023-07-03T00:22:57.070Z] >>> [apiv2][query] GET https://cash-book-487ce-default-rtdb.asia-southeast1.firebasedatabase.app/.settings/rules.json [none]
[debug] [2023-07-03T00:22:58.857Z] <<< [apiv2][status] GET https://cash-book-487ce-default-rtdb.asia-southeast1.firebasedatabase.app/.settings/rules.json 200
[debug] [2023-07-03T00:22:58.858Z] <<< [apiv2][body] GET https://cash-book-487ce-default-rtdb.asia-southeast1.firebasedatabase.app/.settings/rules.json [stream]
[info] ✔  Database Rules for cash-book-487ce-default-rtdb have been written to database.rules.json. 
[info] Future modifications to database.rules.json will update Realtime Database Security Rules when you run
[info] firebase deploy.
[info] 
=== Firestore Setup
[debug] [2023-07-03T00:22:58.863Z] >>> [apiv2][query] GET https://serviceusage.googleapis.com/v1/projects/cash-book-487ce/services/firestore.googleapis.com [none]
[debug] [2023-07-03T00:22:58.863Z] >>> [apiv2][(partial)header] GET https://serviceusage.googleapis.com/v1/projects/cash-book-487ce/services/firestore.googleapis.com x-goog-quota-user=projects/cash-book-487ce
[debug] [2023-07-03T00:22:59.990Z] <<< [apiv2][status] GET https://serviceusage.googleapis.com/v1/projects/cash-book-487ce/services/firestore.googleapis.com 200
[debug] [2023-07-03T00:22:59.991Z] <<< [apiv2][body] GET https://serviceusage.googleapis.com/v1/projects/cash-book-487ce/services/firestore.googleapis.com [omitted]
[debug] [2023-07-03T00:22:59.991Z] >>> [apiv2][query] GET https://firestore.googleapis.com/v1/projects/cash-book-487ce/databases/(default) [none]
[debug] [2023-07-03T00:23:00.292Z] <<< [apiv2][status] GET https://firestore.googleapis.com/v1/projects/cash-book-487ce/databases/(default) 200
[debug] [2023-07-03T00:23:00.292Z] <<< [apiv2][body] GET https://firestore.googleapis.com/v1/projects/cash-book-487ce/databases/(default) {"name":"projects/cash-book-487ce/databases/(default)","uid":"f64c970e-1f56-49f8-b92f-db4ad936c477","createTime":"2023-05-23T00:58:03.660246Z","updateTime":"2023-05-23T00:58:03.660246Z","locationId":"asia-northeast1","type":"FIRESTORE_NATIVE","concurrencyMode":"PESSIMISTIC","versionRetentionPeriod":"3600s","earliestVersionTime":"2023-07-02T23:23:00.272150Z","appEngineIntegrationMode":"DISABLED","keyPrefix":"b","pointInTimeRecoveryEnablement":"POINT_IN_TIME_RECOVERY_DISABLED","deleteProtectionState":"DELETE_PROTECTION_DISABLED","etag":"IKfLoNqi8f8CMIKax9bMw/8C"}
[debug] [2023-07-03T00:23:00.293Z] database_type: FIRESTORE_NATIVE
[debug] [2023-07-03T00:23:00.293Z] > command requires scopes: ["email","openid","https://www.googleapis.com/auth/cloudplatformprojects.readonly","https://www.googleapis.com/auth/firebase","https://www.googleapis.com/auth/cloud-platform"]
[debug] [2023-07-03T00:23:00.294Z] > authorizing via signed-in user (chibanoyatsu@gmail.com)
[debug] [2023-07-03T00:23:00.294Z] [iam] checking project cash-book-487ce for permissions ["firebase.projects.get"]
[debug] [2023-07-03T00:23:00.295Z] >>> [apiv2][query] POST https://cloudresourcemanager.googleapis.com/v1/projects/cash-book-487ce:testIamPermissions [none]
[debug] [2023-07-03T00:23:00.295Z] >>> [apiv2][(partial)header] POST https://cloudresourcemanager.googleapis.com/v1/projects/cash-book-487ce:testIamPermissions x-goog-quota-user=projects/cash-book-487ce
[debug] [2023-07-03T00:23:00.295Z] >>> [apiv2][body] POST https://cloudresourcemanager.googleapis.com/v1/projects/cash-book-487ce:testIamPermissions {"permissions":["firebase.projects.get"]}
[debug] [2023-07-03T00:23:01.087Z] <<< [apiv2][status] POST https://cloudresourcemanager.googleapis.com/v1/projects/cash-book-487ce:testIamPermissions 200
[debug] [2023-07-03T00:23:01.087Z] <<< [apiv2][body] POST https://cloudresourcemanager.googleapis.com/v1/projects/cash-book-487ce:testIamPermissions {"permissions":["firebase.projects.get"]}
[info] 
[info] Firestore Security Rules allow you to define how and when to allow
[info] requests. You can keep these rules in your project directory
[info] and publish them with firebase deploy.
[info] 
[debug] [2023-07-03T00:23:04.758Z] >>> [apiv2][query] GET https://firebaserules.googleapis.com/v1/projects/cash-book-487ce/releases pageSize=10&pageToken=
[debug] [2023-07-03T00:23:05.993Z] <<< [apiv2][status] GET https://firebaserules.googleapis.com/v1/projects/cash-book-487ce/releases 200
[debug] [2023-07-03T00:23:05.993Z] <<< [apiv2][body] GET https://firebaserules.googleapis.com/v1/projects/cash-book-487ce/releases {"releases":[{"name":"projects/cash-book-487ce/releases/cloud.firestore","rulesetName":"projects/cash-book-487ce/rulesets/a0f55e21-385a-4fab-82a9-22fb4f3a346e","createTime":"2023-05-23T00:58:09.209433Z","updateTime":"2023-06-21T09:31:07.523987Z"}]}
[debug] [2023-07-03T00:23:05.994Z] Found ruleset: projects/cash-book-487ce/rulesets/a0f55e21-385a-4fab-82a9-22fb4f3a346e
[debug] [2023-07-03T00:23:05.996Z] >>> [apiv2][query] GET https://firebaserules.googleapis.com/v1/projects/cash-book-487ce/rulesets/a0f55e21-385a-4fab-82a9-22fb4f3a346e [none]
[debug] [2023-07-03T00:23:07.111Z] <<< [apiv2][status] GET https://firebaserules.googleapis.com/v1/projects/cash-book-487ce/rulesets/a0f55e21-385a-4fab-82a9-22fb4f3a346e 200
[debug] [2023-07-03T00:23:07.111Z] <<< [apiv2][body] GET https://firebaserules.googleapis.com/v1/projects/cash-book-487ce/rulesets/a0f55e21-385a-4fab-82a9-22fb4f3a346e [omitted]
[info] 
[info] Firestore indexes allow you to perform complex queries while
[info] maintaining performance that scales with the size of the result
[info] set. You can keep index definitions in your project directory
[info] and publish them with firebase deploy.
[info] 
[debug] [2023-07-03T00:23:10.706Z] >>> [apiv2][query] GET https://firestore.googleapis.com/v1/projects/cash-book-487ce/databases/(default)/collectionGroups/-/indexes [none]
[debug] [2023-07-03T00:23:10.708Z] >>> [apiv2][query] GET https://firestore.googleapis.com/v1/projects/cash-book-487ce/databases/(default)/collectionGroups/-/fields?filter=indexConfig.usesAncestorConfig=false OR ttlConfig:* [none]
[debug] [2023-07-03T00:23:10.945Z] <<< [apiv2][status] GET https://firestore.googleapis.com/v1/projects/cash-book-487ce/databases/(default)/collectionGroups/-/fields?filter=indexConfig.usesAncestorConfig=false OR ttlConfig:* 200
[debug] [2023-07-03T00:23:10.946Z] <<< [apiv2][body] GET https://firestore.googleapis.com/v1/projects/cash-book-487ce/databases/(default)/collectionGroups/-/fields?filter=indexConfig.usesAncestorConfig=false OR ttlConfig:* {"fields":[{"name":"projects/cash-book-487ce/databases/(default)/collectionGroups/__default__/fields/*","indexConfig":{"indexes":[{"queryScope":"COLLECTION","fields":[{"fieldPath":"*","order":"ASCENDING"}],"state":"READY"},{"queryScope":"COLLECTION","fields":[{"fieldPath":"*","order":"DESCENDING"}],"state":"READY"},{"queryScope":"COLLECTION","fields":[{"fieldPath":"*","arrayConfig":"CONTAINS"}],"state":"READY"}]}}]}
[debug] [2023-07-03T00:23:10.953Z] <<< [apiv2][status] GET https://firestore.googleapis.com/v1/projects/cash-book-487ce/databases/(default)/collectionGroups/-/indexes 200
[debug] [2023-07-03T00:23:10.953Z] <<< [apiv2][body] GET https://firestore.googleapis.com/v1/projects/cash-book-487ce/databases/(default)/collectionGroups/-/indexes {}
[info] 
=== Functions Setup
[debug] [2023-07-03T00:23:10.955Z] > command requires scopes: ["email","openid","https://www.googleapis.com/auth/cloudplatformprojects.readonly","https://www.googleapis.com/auth/firebase","https://www.googleapis.com/auth/cloud-platform"]
[debug] [2023-07-03T00:23:10.956Z] > authorizing via signed-in user (chibanoyatsu@gmail.com)
[debug] [2023-07-03T00:23:10.956Z] [iam] checking project cash-book-487ce for permissions ["firebase.projects.get"]
[debug] [2023-07-03T00:23:10.956Z] >>> [apiv2][query] POST https://cloudresourcemanager.googleapis.com/v1/projects/cash-book-487ce:testIamPermissions [none]
[debug] [2023-07-03T00:23:10.956Z] >>> [apiv2][(partial)header] POST https://cloudresourcemanager.googleapis.com/v1/projects/cash-book-487ce:testIamPermissions x-goog-quota-user=projects/cash-book-487ce
[debug] [2023-07-03T00:23:10.956Z] >>> [apiv2][body] POST https://cloudresourcemanager.googleapis.com/v1/projects/cash-book-487ce:testIamPermissions {"permissions":["firebase.projects.get"]}
[debug] [2023-07-03T00:23:11.762Z] <<< [apiv2][status] POST https://cloudresourcemanager.googleapis.com/v1/projects/cash-book-487ce:testIamPermissions 200
[debug] [2023-07-03T00:23:11.762Z] <<< [apiv2][body] POST https://cloudresourcemanager.googleapis.com/v1/projects/cash-book-487ce:testIamPermissions {"permissions":["firebase.projects.get"]}
[debug] [2023-07-03T00:23:11.763Z] >>> [apiv2][query] GET https://serviceusage.googleapis.com/v1/projects/cash-book-487ce/services/cloudfunctions.googleapis.com [none]
[debug] [2023-07-03T00:23:11.763Z] >>> [apiv2][(partial)header] GET https://serviceusage.googleapis.com/v1/projects/cash-book-487ce/services/cloudfunctions.googleapis.com x-goog-quota-user=projects/cash-book-487ce
[debug] [2023-07-03T00:23:11.765Z] >>> [apiv2][query] GET https://serviceusage.googleapis.com/v1/projects/cash-book-487ce/services/runtimeconfig.googleapis.com [none]
[debug] [2023-07-03T00:23:11.765Z] >>> [apiv2][(partial)header] GET https://serviceusage.googleapis.com/v1/projects/cash-book-487ce/services/runtimeconfig.googleapis.com x-goog-quota-user=projects/cash-book-487ce
[debug] [2023-07-03T00:23:12.890Z] <<< [apiv2][status] GET https://serviceusage.googleapis.com/v1/projects/cash-book-487ce/services/runtimeconfig.googleapis.com 200
[debug] [2023-07-03T00:23:12.891Z] <<< [apiv2][body] GET https://serviceusage.googleapis.com/v1/projects/cash-book-487ce/services/runtimeconfig.googleapis.com [omitted]
[debug] [2023-07-03T00:23:12.891Z] <<< [apiv2][status] GET https://serviceusage.googleapis.com/v1/projects/cash-book-487ce/services/cloudfunctions.googleapis.com 200
[debug] [2023-07-03T00:23:12.892Z] <<< [apiv2][body] GET https://serviceusage.googleapis.com/v1/projects/cash-book-487ce/services/cloudfunctions.googleapis.com [omitted]
[debug] [2023-07-03T00:23:12.892Z] >>> [apiv2][query] POST https://serviceusage.googleapis.com/v1/projects/cash-book-487ce/services/cloudfunctions.googleapis.com:enable [none]
[debug] [2023-07-03T00:23:12.892Z] >>> [apiv2][(partial)header] POST https://serviceusage.googleapis.com/v1/projects/cash-book-487ce/services/cloudfunctions.googleapis.com:enable x-goog-quota-user=projects/cash-book-487ce
[debug] [2023-07-03T00:23:14.323Z] <<< [apiv2][status] POST https://serviceusage.googleapis.com/v1/projects/cash-book-487ce/services/cloudfunctions.googleapis.com:enable 200
[debug] [2023-07-03T00:23:14.323Z] <<< [apiv2][body] POST https://serviceusage.googleapis.com/v1/projects/cash-book-487ce/services/cloudfunctions.googleapis.com:enable [omitted]
[debug] [2023-07-03T00:23:24.325Z] >>> [apiv2][query] GET https://serviceusage.googleapis.com/v1/projects/cash-book-487ce/services/cloudfunctions.googleapis.com [none]
[debug] [2023-07-03T00:23:24.325Z] >>> [apiv2][(partial)header] GET https://serviceusage.googleapis.com/v1/projects/cash-book-487ce/services/cloudfunctions.googleapis.com x-goog-quota-user=projects/cash-book-487ce
[debug] [2023-07-03T00:23:25.419Z] <<< [apiv2][status] GET https://serviceusage.googleapis.com/v1/projects/cash-book-487ce/services/cloudfunctions.googleapis.com 200
[debug] [2023-07-03T00:23:25.420Z] <<< [apiv2][body] GET https://serviceusage.googleapis.com/v1/projects/cash-book-487ce/services/cloudfunctions.googleapis.com [omitted]
[info] Let's create a new codebase for your functions.
[info] A directory corresponding to the codebase will be created in your project
[info] with sample code pre-configured.

[info] See https://firebase.google.com/docs/functions/organize-functions for
[info] more information on organizing your functions using codebases.

[info] Functions can be deployed with firebase deploy.

[info] ✔  Wrote functions/package.json 
[info] ✔  Wrote functions/.eslintrc.js 
[info] ✔  Wrote functions/index.js 
[info] ✔  Wrote functions/.gitignore 
[info] 
=== Hosting Setup
[info] 
[info] Your public directory is the folder (relative to your project directory) that
[info] will contain Hosting assets to be uploaded with firebase deploy. If you
[info] have a build process for your assets, use your build's output directory.
[info] 
[info] ✔  Wrote public/404.html 
[debug] [2023-07-03T00:24:48.717Z] >>> [apiv2][query] GET https://www.gstatic.com/firebasejs/releases.json [none]
[debug] [2023-07-03T00:24:48.892Z] <<< [apiv2][status] GET https://www.gstatic.com/firebasejs/releases.json 200
[debug] [2023-07-03T00:24:48.892Z] <<< [apiv2][body] GET https://www.gstatic.com/firebasejs/releases.json {"current":{"version":"9.23.0","browserURL":"https://www.gstatic.com/firebasejs/9.23.0/firebase.js","packageURL":"https://www.gstatic.com/firebasejs/9.23.0/firebase.tgz"},"live":{"version":"9.23","browserURL":"https://www.gstatic.com/firebasejs/live/9.23/firebase.js","packageURL":"https://www.gstatic.com/firebasejs/live/9.23/firebase.tgz"},"components":{"analytics":"https://www.gstatic.com/firebasejs/9.23.0/firebase-analytics.js","app":"https://www.gstatic.com/firebasejs/9.23.0/firebase-app.js","app-check":"https://www.gstatic.com/firebasejs/9.23.0/firebase-app-check.js","auth":"https://www.gstatic.com/firebasejs/9.23.0/firebase-auth.js","auth/cordova":"https://www.gstatic.com/firebasejs/9.23.0/firebase-auth/cordova.js","auth/react-native":"https://www.gstatic.com/firebasejs/9.23.0/firebase-auth/react-native.js","functions":"https://www.gstatic.com/firebasejs/9.23.0/firebase-functions.js","firestore":"https://www.gstatic.com/firebasejs/9.23.0/firebase-firestore.js","firestore/lite":"https://www.gstatic.com/firebasejs/9.23.0/firebase-firestore/lite.js","installations":"https://www.gstatic.com/firebasejs/9.23.0/firebase-installations.js","storage":"https://www.gstatic.com/firebasejs/9.23.0/firebase-storage.js","performance":"https://www.gstatic.com/firebasejs/9.23.0/firebase-performance.js","remote-config":"https://www.gstatic.com/firebasejs/9.23.0/firebase-remote-config.js","messaging":"https://www.gstatic.com/firebasejs/9.23.0/firebase-messaging.js","messaging/sw":"https://www.gstatic.com/firebasejs/9.23.0/firebase-messaging/sw.js","database":"https://www.gstatic.com/firebasejs/9.23.0/firebase-database.js","firestore.memory":"https://www.gstatic.com/firebasejs/9.23.0/firebase-firestore.memory.js"}}
[info] ✔  Wrote public/index.html 
[info] 
[info] i  Didn't detect a .git folder. Assuming /Users/chibaharuto/portfolio/cashbook/src/firebase is the project root. 
[info] i  Authorizing with GitHub to upload your service account to a GitHub repository's secrets store. 
[info] 
[info] Visit this URL on this device to log in:
[info] https://github.com/login/oauth/authorize?client_id=89cf50f02ac6aaed3484&state=731641461&redirect_uri=http%3A%2F%2Flocalhost%3A9005&scope=read%3Auser%20repo%20public_repo
[info] 
[info] Waiting for authentication...
[debug] [2023-07-03T00:25:11.445Z] >>> [apiv2][query] POST https://github.com/login/oauth/access_token [none]
[debug] [2023-07-03T00:25:11.446Z] >>> [apiv2][body] POST https://github.com/login/oauth/access_token [stream]
[debug] [2023-07-03T00:25:11.815Z] <<< [apiv2][status] POST https://github.com/login/oauth/access_token 200
[debug] [2023-07-03T00:25:11.816Z] <<< [apiv2][body] POST https://github.com/login/oauth/access_token {"access_token":"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","token_type":"bearer","scope":"read:user,repo"}
[debug] [2023-07-03T00:25:11.823Z] >>> [apiv2][query] GET https://api.github.com/user [none]
[debug] [2023-07-03T00:25:12.224Z] <<< [apiv2][status] GET https://api.github.com/user 200
[debug] [2023-07-03T00:25:12.224Z] <<< [apiv2][body] GET https://api.github.com/user {"login":"h-chiba8","id":110833220,"node_id":"U_kgDOBpsuRA","avatar_url":"https://avatars.githubusercontent.com/u/110833220?v=4","gravatar_id":"","url":"https://api.github.com/users/h-chiba8","html_url":"https://github.com/h-chiba8","followers_url":"https://api.github.com/users/h-chiba8/followers","following_url":"https://api.github.com/users/h-chiba8/following{/other_user}","gists_url":"https://api.github.com/users/h-chiba8/gists{/gist_id}","starred_url":"https://api.github.com/users/h-chiba8/starred{/owner}{/repo}","subscriptions_url":"https://api.github.com/users/h-chiba8/subscriptions","organizations_url":"https://api.github.com/users/h-chiba8/orgs","repos_url":"https://api.github.com/users/h-chiba8/repos","events_url":"https://api.github.com/users/h-chiba8/events{/privacy}","received_events_url":"https://api.github.com/users/h-chiba8/received_events","type":"User","site_admin":false,"name":null,"company":null,"blog":"","location":null,"email":null,"hireable":null,"bio":null,"twitter_username":null,"public_repos":6,"public_gists":0,"followers":0,"following":0,"created_at":"2022-08-08T13:41:30Z","updated_at":"2023-07-02T16:34:13Z","private_gists":0,"total_private_repos":1,"owned_private_repos":1,"disk_usage":12076,"collaborators":0,"two_factor_authentication":false,"plan":{"name":"free","space":976562499,"collaborators":0,"private_repos":10000}}
[info] 
[info] ✔  Success! Logged into GitHub as h-chiba8 
[info] 
[debug] [2023-07-03T00:25:30.456Z] >>> [apiv2][query] GET https://api.github.com/repos//actions/secrets/public-key type=owner
[debug] [2023-07-03T00:25:30.730Z] <<< [apiv2][status] GET https://api.github.com/repos//actions/secrets/public-key 404
[debug] [2023-07-03T00:25:30.730Z] <<< [apiv2][body] GET https://api.github.com/repos//actions/secrets/public-key {"message":"Not Found","documentation_url":"https://docs.github.com/rest"}
[info] 
[info] 
[error] ⚠  The provided authorization cannot be used with this repository. If this repository is in an organization, did you remember to grant access? 
[info] 
[info] i  Action required: Visit this URL to ensure access has been granted to the appropriate organization(s) for the Firebase CLI GitHub OAuth App: 
[info] https://github.com/settings/connections/applications/89cf50f02ac6aaed3484
[info] 
